<?xml version="1.0" encoding="UTF-8"?>
<!-- Generated by org.testng.reporters.JUnitReportReporter -->
<testsuite skipped="0" hostname="rc00894" name="test.NextStepTest" tests="1" failures="0" timestamp="19 Jul 2017 10:40:09 GMT" time="0.022" errors="0">
  <testcase name="register" time="0.022" classname="test.NextStepTest"/>
</testsuite> <!-- test.NextStepTest -->
